 
****************************************
Report : area
Design : top_module
Version: K-2015.06
Date   : Fri Aug 25 03:00:42 2023
****************************************

Library(s) Used:

    scmetro_tsmc_cl013g_rvt_ss_1p08v_125c (File: /home/IC/Labs/Ass_Syn_2.0/std_cells/scmetro_tsmc_cl013g_rvt_ss_1p08v_125c.db)

Number of ports:                           54
Number of nets:                            99
Number of cells:                           49
Number of combinational cells:             35
Number of sequential cells:                10
Number of macros/black boxes:               0
Number of buf/inv:                          5
Number of references:                       4

Combinational area:                336.536202
Buf/Inv area:                       23.534000
Noncombinational area:             269.464302
Macro/Black Box area:                0.000000
Net Interconnect area:           17360.087402

Total cell area:                   606.000504
Total area:                      17966.087906

Hierarchical area distribution
------------------------------

                                  Global cell area          Local cell area
                                  ------------------  --------------------------- 
Hierarchical cell                 Absolute   Percent  Combi-    Noncombi-  Black-
                                  Total      Total    national  national   boxes   Design
--------------------------------  ---------  -------  --------  ---------  ------  -----------
top_module                         606.0005    100.0    0.0000     0.0000  0.0000  top_module
FSM                                147.0875     24.3   65.8952    81.1923  0.0000  UART_TX_FSM
mux                                 30.5942      5.0   30.5942     0.0000  0.0000  mux_4_to_1
par_calc                           112.9632     18.6   87.0758    25.8874  0.0000  parity_calc
serializer_unit                    315.3556     52.0  152.9710   162.3846  0.0000  serializer
--------------------------------  ---------  -------  --------  ---------  ------  -----------
Total                                                 336.5362   269.4643  0.0000

1
